<?xml version="1.0" encoding="UTF-8"?>
<!-- Generated by org.testng.reporters.JUnitXMLReporter -->
<testsuite hostname="4WFH7EI4GM01NBJ" ignored="7" name="Login" tests="3" failures="0" timestamp="29 七月 2018 10:30:06 GMT" time="87.817" errors="0">
  <testcase name="toPurchasePlantOrders" time="6.278" classname="com.hebg3.testcases.login.LoginPage_001_LoginSuccessFunction_Test">
    <skipped/>
  </testcase> <!-- toPurchasePlantOrders -->
  <testcase name="toPurchasePlantOrders" time="11.092" classname="com.hebg3.testcases.login.LoginPage_001_LoginSuccessFunction_Test"/>
  <testcase name="toPurchaseOrders" time="22.903" classname="com.hebg3.testcases.login.LoginPage_001_LoginSuccessFunction_Test"/>
  <testcase name="toSaleOrders" time="0.0" classname="com.hebg3.testcases.login.LoginPage_001_LoginSuccessFunction_Test">
    <ignored/>
  </testcase> <!-- toSaleOrders -->
  <testcase name="temporary" time="0.0" classname="com.hebg3.testcases.login.LoginPage_001_LoginSuccessFunction_Test">
    <ignored/>
  </testcase> <!-- temporary -->
  <testcase name="toSaleReturn" time="0.0" classname="com.hebg3.testcases.login.LoginPage_001_LoginSuccessFunction_Test">
    <ignored/>
  </testcase> <!-- toSaleReturn -->
  <testcase name="toPurchaseOrdersCompare" time="0.0" classname="com.hebg3.testcases.login.LoginPage_001_LoginSuccessFunction_Test">
    <ignored/>
  </testcase> <!-- toPurchaseOrdersCompare -->
  <testcase name="picking" time="0.0" classname="com.hebg3.testcases.login.LoginPage_001_LoginSuccessFunction_Test">
    <ignored/>
  </testcase> <!-- picking -->
  <testcase name="toPurchaseReturn" time="0.0" classname="com.hebg3.testcases.login.LoginPage_001_LoginSuccessFunction_Test">
    <ignored/>
  </testcase> <!-- toPurchaseReturn -->
  <testcase name="plantToPurchaseOrders" time="0.0" classname="com.hebg3.testcases.login.LoginPage_001_LoginSuccessFunction_Test">
    <ignored/>
  </testcase> <!-- plantToPurchaseOrders -->
</testsuite> <!-- Login -->
